
[2025-10-13 18:35:07] ===== Starting Preprocessing Script =====
[2025-10-13 18:35:07] Loading CSV files...
[2025-10-13 18:35:19] Cleaning and transforming data...
[2025-10-13 18:35:23] Performing temporal consistency checks...
[2025-10-13 18:35:23] Aggregating observations per patient (mean)...
[2025-10-13 18:35:24] Merging patients, encounters, and observations...
[2025-10-13 18:35:24] Performing feature engineering...
[2025-10-13 18:35:25] Computing enhanced features...
[2025-10-13 18:35:25] Creating 5-recent observation sequences...
[2025-10-13 18:35:31] Saved 5-recent sequences to E:\Member Stratification and Care Management\backend\data\processed\sequences_5.csv
[2025-10-13 18:35:31] Creating 30/60/90-day LAB_VALUE window features...
[2025-10-13 18:35:40] Saved 30/60/90-day window features to E:\Member Stratification and Care Management\backend\data\processed\windowed_features_30_60_90.csv
[2025-10-13 18:35:40] Creating static features...
[2025-10-13 18:35:40] Saved static features to E:\Member Stratification and Care Management\backend\data\processed\static_features.csv
[2025-10-13 18:35:50] ===== Starting Preprocessing Script =====
[2025-10-13 18:35:50] Loading CSV files...
[2025-10-13 18:36:02] Cleaning and transforming data...
[2025-10-13 18:36:06] Performing temporal consistency checks...
[2025-10-13 18:36:07] Aggregating observations per patient (mean)...
[2025-10-13 18:36:07] Merging patients, encounters, and observations...
[2025-10-13 18:36:07] Performing feature engineering...
[2025-10-13 18:36:08] Computing enhanced features...
[2025-10-13 18:36:08] Creating 5-recent observation sequences...
